<?xml version="1.0" encoding="UTF-8" ?>
<testsuite errors="0" failures="1" hostname="sdc" name="SumFailedTest" tests="1" time="0.207" timestamp="2013-04-12T13:21:27">
  <properties>
[...]
</properties>
  <testcase classname="SumFailedTest" name="test1" time="0.185">
    <failure message="For input string: &quot;!!!&quot;" type="junit.framework.AssertionFailedError">junit.framework.AssertionFailedError: For input string: &quot;!!!&quot;
	at SumFailedTest.runOneTest(SumFailedTest.java:50)
	at SumFailedTest.test1(SumFailedTest.java:57)
</failure>
  </testcase>
  <system-out><![CDATA[]]></system-out>
  <system-err><![CDATA[]]></system-err>
</testsuite>
